{"/sandbox/src/Roller.ts": {"path":"/sandbox/src/Roller.ts","statementMap":{"0":{"start":{"line":10,"column":8},"end":{"line":10,"column":23}},"1":{"start":{"line":11,"column":8},"end":{"line":14,"column":44}},"2":{"start":{"line":12,"column":12},"end":{"line":12,"column":28}},"3":{"start":{"line":14,"column":12},"end":{"line":14,"column":44}},"4":{"start":{"line":15,"column":8},"end":{"line":15,"column":55}},"5":{"start":{"line":16,"column":8},"end":{"line":18,"column":null}},"6":{"start":{"line":16,"column":21},"end":{"line":16,"column":22}},"7":{"start":{"line":17,"column":12},"end":{"line":17,"column":41}},"8":{"start":{"line":32,"column":24},"end":{"line":32,"column":41}},"9":{"start":{"line":33,"column":8},"end":{"line":40,"column":null}},"10":{"start":{"line":34,"column":12},"end":{"line":34,"column":21}},"11":{"start":{"line":36,"column":30},"end":{"line":36,"column":63}},"12":{"start":{"line":37,"column":12},"end":{"line":37,"column":53}},"13":{"start":{"line":38,"column":12},"end":{"line":38,"column":35}},"14":{"start":{"line":39,"column":12},"end":{"line":39,"column":29}},"15":{"start":{"line":46,"column":8},"end":{"line":46,"column":26}},"16":{"start":{"line":55,"column":8},"end":{"line":55,"column":34}},"17":{"start":{"line":60,"column":8},"end":{"line":60,"column":27}},"18":{"start":{"line":1,"column":0},"end":{"line":1,"column":13}}},"fnMap":{"0":{"name":"(anonymous_0)","decl":{"start":{"line":9,"column":4},"end":{"line":9,"column":16}},"loc":{"start":{"line":9,"column":29},"end":{"line":19,"column":5}}},"1":{"name":"(anonymous_1)","decl":{"start":{"line":31,"column":4},"end":{"line":31,"column":8}},"loc":{"start":{"line":31,"column":22},"end":{"line":41,"column":5}}},"2":{"name":"(anonymous_2)","decl":{"start":{"line":45,"column":4},"end":{"line":45,"column":8}},"loc":{"start":{"line":45,"column":8},"end":{"line":47,"column":5}}},"3":{"name":"(anonymous_3)","decl":{"start":{"line":54,"column":4},"end":{"line":54,"column":16}},"loc":{"start":{"line":54,"column":16},"end":{"line":56,"column":5}}},"4":{"name":"(anonymous_4)","decl":{"start":{"line":59,"column":4},"end":{"line":59,"column":13}},"loc":{"start":{"line":59,"column":13},"end":{"line":61,"column":5}}}},"branchMap":{"0":{"loc":{"start":{"line":11,"column":8},"end":{"line":14,"column":44}},"type":"if","locations":[{"start":{"line":11,"column":8},"end":{"line":14,"column":44}},{"start":{"line":14,"column":12},"end":{"line":14,"column":44}}]},"1":{"loc":{"start":{"line":33,"column":8},"end":{"line":40,"column":null}},"type":"if","locations":[{"start":{"line":33,"column":8},"end":{"line":40,"column":null}},{"start":{"line":35,"column":13},"end":{"line":40,"column":null}}]},"2":{"loc":{"start":{"line":33,"column":12},"end":{"line":33,"column":52}},"type":"binary-expr","locations":[{"start":{"line":33,"column":12},"end":{"line":33,"column":25}},{"start":{"line":33,"column":29},"end":{"line":33,"column":52}}]}},"s":{"0":18,"1":18,"2":3,"3":15,"4":18,"5":18,"6":18,"7":49,"8":11,"9":11,"10":4,"11":7,"12":7,"13":7,"14":7,"15":3,"16":6,"17":4,"18":1},"f":{"0":18,"1":11,"2":3,"3":6,"4":4},"b":{"0":[3,15],"1":[4,7],"2":[11,9]}}
}
