TN:
SF:src/Roller.ts
FN:9,(anonymous_0)
FN:31,(anonymous_1)
FN:45,(anonymous_2)
FN:54,(anonymous_3)
FN:59,(anonymous_4)
FNF:5
FNH:5
FNDA:18,(anonymous_0)
FNDA:11,(anonymous_1)
FNDA:3,(anonymous_2)
FNDA:6,(anonymous_3)
FNDA:4,(anonymous_4)
DA:1,1
DA:10,18
DA:11,18
DA:12,3
DA:14,15
DA:15,18
DA:16,18
DA:17,49
DA:32,11
DA:33,11
DA:34,4
DA:36,7
DA:37,7
DA:38,7
DA:39,7
DA:46,3
DA:55,6
DA:60,4
LF:18
LH:18
BRDA:11,0,0,3
BRDA:11,0,1,15
BRDA:33,1,0,4
BRDA:33,1,1,7
BRDA:33,2,0,11
BRDA:33,2,1,9
BRF:6
BRH:6
end_of_record
